C:\USERS\JOãO\DOCUMENTS\VISUAL STUDIO 2012\PROJECTS\AEDATP1\AEDATP1\DEBUG\MAIN.OBJ
C:\USERS\JOÃO\DOCUMENTS\VISUAL STUDIO 2012\PROJECTS\AEDATP1\AEDATP1\DEBUG\VC110.PDB
C:\USERS\JOãO\DOCUMENTS\VISUAL STUDIO 2012\PROJECTS\AEDATP1\AEDATP1\DEBUG\TURMA.OBJ
C:\USERS\JOãO\DOCUMENTS\VISUAL STUDIO 2012\PROJECTS\AEDATP1\AEDATP1\DEBUG\ALUNO.OBJ
C:\USERS\JOãO\DOCUMENTS\VISUAL STUDIO 2012\PROJECTS\AEDATP1\AEDATP1\DEBUG\DISCIPLINA.OBJ
C:\USERS\JOãO\DOCUMENTS\VISUAL STUDIO 2012\PROJECTS\AEDATP1\AEDATP1\DEBUG\ESCOLA.OBJ
C:\USERS\JOãO\DOCUMENTS\VISUAL STUDIO 2012\PROJECTS\AEDATP1\AEDATP1\DEBUG\PROFESSOR.OBJ
C:\USERS\JOãO\DOCUMENTS\VISUAL STUDIO 2012\PROJECTS\AEDATP1\AEDATP1\DEBUG\HORARIO.OBJ
C:\Users\João\Documents\Visual Studio 2012\Projects\AEDATP1\AEDATP1\Debug\Aluno.obj
C:\Users\João\Documents\Visual Studio 2012\Projects\AEDATP1\AEDATP1\Debug\Disciplina.obj
C:\Users\João\Documents\Visual Studio 2012\Projects\AEDATP1\AEDATP1\Debug\Escola.obj
C:\Users\João\Documents\Visual Studio 2012\Projects\AEDATP1\AEDATP1\Debug\Horario.obj
C:\Users\João\Documents\Visual Studio 2012\Projects\AEDATP1\AEDATP1\Debug\main.obj
C:\Users\João\Documents\Visual Studio 2012\Projects\AEDATP1\AEDATP1\Debug\Professor.obj
C:\Users\João\Documents\Visual Studio 2012\Projects\AEDATP1\AEDATP1\Debug\Turma.obj
C:\Users\João\Documents\Visual Studio 2012\Projects\AEDATP1\AEDATP1\Debug\cl.command.1.tlog
C:\Users\João\Documents\Visual Studio 2012\Projects\AEDATP1\AEDATP1\Debug\CL.read.1.tlog
C:\Users\João\Documents\Visual Studio 2012\Projects\AEDATP1\AEDATP1\Debug\CL.write.1.tlog
C:\Users\João\Documents\Visual Studio 2012\Projects\AEDATP1\AEDATP1\Debug\link-cvtres.read.1.tlog
C:\Users\João\Documents\Visual Studio 2012\Projects\AEDATP1\AEDATP1\Debug\link-cvtres.write.1.tlog
C:\Users\João\Documents\Visual Studio 2012\Projects\AEDATP1\AEDATP1\Debug\link-rc.read.1.tlog
C:\Users\João\Documents\Visual Studio 2012\Projects\AEDATP1\AEDATP1\Debug\link-rc.write.1.tlog
C:\Users\João\Documents\Visual Studio 2012\Projects\AEDATP1\AEDATP1\Debug\link.command.1.tlog
C:\Users\João\Documents\Visual Studio 2012\Projects\AEDATP1\AEDATP1\Debug\link.read.1.tlog
C:\Users\João\Documents\Visual Studio 2012\Projects\AEDATP1\AEDATP1\Debug\link.write.1.tlog
C:\Users\João\Documents\Visual Studio 2012\Projects\AEDATP1\AEDATP1\Debug\vc110.idb
C:\Users\João\Documents\Visual Studio 2012\Projects\AEDATP1\AEDATP1\Debug\vc110.pdb
C:\Users\João\Documents\Visual Studio 2012\Projects\AEDATP1\Debug\AEDATP1.pdb
